SEM wave equation: 
  number of spectral-elements:  200
  number of GLL points       :  7
  number of global points    :  1201
  Lagrange polynomial degree :  6

  Boundary conditions        :  False

  irregular mesh             :  False
  heterogeneous material     :  True

time step size      :  0.01
number of time steps:  6000
total duration      :  60.0

material discontinuity at:  75.0

  done plot  1  out of  6
  written:  figures/sem_data_1.dat
  done plot  2  out of  6
  written:  figures/sem_data_2.dat
  done plot  3  out of  6
  written:  figures/sem_data_3.dat
  done plot  4  out of  6
  written:  figures/sem_data_4.dat
  done plot  5  out of  6
  written:  figures/sem_data_5.dat
  done plot  6  out of  6
  written:  figures/sem_data_6.dat

plotted as  figures/sem_solution.pdf


done

